2024-01-06T11:13:44+00:00 CRITICAL Uncaught Error: Call to undefined method WC_Product_Simple::get_category() in E:\OSPanel-5.4.3\OSPanel\domains\web-design-sun\wp-content\themes\web-design-sun\modules\featured-product.php:54
Stack trace:
#0 E:\OSPanel-5.4.3\OSPanel\domains\web-design-sun\wp-includes\template.php(792): require()
#1 E:\OSPanel-5.4.3\OSPanel\domains\web-design-sun\wp-includes\template.php(725): load_template()
#2 E:\OSPanel-5.4.3\OSPanel\domains\web-design-sun\wp-includes\general-template.php(206): locate_template()
#3 E:\OSPanel-5.4.3\OSPanel\domains\web-design-sun\wp-content\themes\web-design-sun\front-page.php(143): get_template_part()
#4 E:\OSPanel-5.4.3\OSPanel\domains\web-design-sun\wp-includes\template-loader.php(106): include('E:\\OSPanel-5.4....')
#5 E:\OSPanel-5.4.3\OSPanel\domains\web-design-sun\wp-blog-header.php(19): require_once('E:\\OSPanel-5.4....')
#6 E:\OSPanel-5.4.3\OSPanel\domains\web-design-sun\index.php(17): require('E:\\OSPanel-5.4....')
#7 {main}
  thrown in E:\OSPanel-5.4.3\OSPanel\domains\web-design-sun\wp-content\themes\web-design-sun\modules\featured-product.php on line 54

2024-01-06T12:08:20+00:00 CRITICAL Uncaught ArgumentCountError: Too few arguments to function create_column_highlighted_offers(), 0 passed in E:\OSPanel-5.4.3\OSPanel\domains\web-design-sun\wp-content\themes\web-design-sun\front-page.php on line 345 and exactly 2 expected in E:\OSPanel-5.4.3\OSPanel\domains\web-design-sun\wp-content\themes\web-design-sun\front-page.php:297
Stack trace:
#0 E:\OSPanel-5.4.3\OSPanel\domains\web-design-sun\wp-content\themes\web-design-sun\front-page.php(345): create_column_highlighted_offers()
#1 E:\OSPanel-5.4.3\OSPanel\domains\web-design-sun\wp-includes\template-loader.php(106): include('E:\\OSPanel-5.4....')
#2 E:\OSPanel-5.4.3\OSPanel\domains\web-design-sun\wp-blog-header.php(19): require_once('E:\\OSPanel-5.4....')
#3 E:\OSPanel-5.4.3\OSPanel\domains\web-design-sun\index.php(17): require('E:\\OSPanel-5.4....')
#4 {main}
  thrown in E:\OSPanel-5.4.3\OSPanel\domains\web-design-sun\wp-content\themes\web-design-sun\front-page.php on line 297

2024-01-06T16:54:05+00:00 CRITICAL Uncaught ArgumentCountError: Too few arguments to function add_acf_to_menu_items(), 2 passed in E:\OSPanel-5.4.3\OSPanel\domains\web-design-sun\wp-includes\class-wp-hook.php on line 324 and exactly 3 expected in E:\OSPanel-5.4.3\OSPanel\domains\web-design-sun\wp-content\themes\web-design-sun\includes\menus.php:10
Stack trace:
#0 E:\OSPanel-5.4.3\OSPanel\domains\web-design-sun\wp-includes\class-wp-hook.php(324): add_acf_to_menu_items()
#1 E:\OSPanel-5.4.3\OSPanel\domains\web-design-sun\wp-includes\plugin.php(205): WP_Hook->apply_filters()
#2 E:\OSPanel-5.4.3\OSPanel\domains\web-design-sun\wp-includes\nav-menu-template.php(234): apply_filters()
#3 E:\OSPanel-5.4.3\OSPanel\domains\web-design-sun\wp-content\themes\web-design-sun\header.php(32): wp_nav_menu()
#4 E:\OSPanel-5.4.3\OSPanel\domains\web-design-sun\wp-includes\template.php(790): require_once('E:\\OSPanel-5.4....')
#5 E:\OSPanel-5.4.3\OSPanel\domains\web-design-sun\wp-includes\template.php(725): load_template()
#6 E:\OSPanel-5.4.3\OSPanel\domains\web-design-sun\wp-includes\general-template.php(48): locate_template()
#7 E:\OSPanel-5.4.3\OSPanel\domains\web-design-sun\wp-content\themes\web-design-sun\front-page.php(1): get_header()
#8 E:\OSPanel-5.4.3\OSPanel\domains\web-design-sun\wp-includes\template-loader.php(106): include('E:\\OSPanel-5.4....')
#9 E:\OSPanel-5.4.3\OSPanel\domains\web-design-sun\wp-blog-header.php(19): require_once('E:\\OSPanel-5.4....')
#10 E:\OSPanel-5.4.3\OSPanel\domains\web-design-sun\index.php(17): require('E:\\OSPanel-5.4....')
#11 {main}
  thrown in E:\OSPanel-5.4.3\OSPanel\domains\web-design-sun\wp-content\themes\web-design-sun\includes\menus.php on line 10

2024-01-06T16:55:00+00:00 CRITICAL Uncaught ArgumentCountError: Too few arguments to function add_acf_to_menu_items(), 2 passed in E:\OSPanel-5.4.3\OSPanel\domains\web-design-sun\wp-includes\class-wp-hook.php on line 324 and exactly 3 expected in E:\OSPanel-5.4.3\OSPanel\domains\web-design-sun\wp-content\themes\web-design-sun\includes\menus.php:10
Stack trace:
#0 E:\OSPanel-5.4.3\OSPanel\domains\web-design-sun\wp-includes\class-wp-hook.php(324): add_acf_to_menu_items()
#1 E:\OSPanel-5.4.3\OSPanel\domains\web-design-sun\wp-includes\plugin.php(205): WP_Hook->apply_filters()
#2 E:\OSPanel-5.4.3\OSPanel\domains\web-design-sun\wp-includes\nav-menu-template.php(234): apply_filters()
#3 E:\OSPanel-5.4.3\OSPanel\domains\web-design-sun\wp-content\themes\web-design-sun\header.php(32): wp_nav_menu()
#4 E:\OSPanel-5.4.3\OSPanel\domains\web-design-sun\wp-includes\template.php(790): require_once('E:\\OSPanel-5.4....')
#5 E:\OSPanel-5.4.3\OSPanel\domains\web-design-sun\wp-includes\template.php(725): load_template()
#6 E:\OSPanel-5.4.3\OSPanel\domains\web-design-sun\wp-includes\general-template.php(48): locate_template()
#7 E:\OSPanel-5.4.3\OSPanel\domains\web-design-sun\wp-content\themes\web-design-sun\front-page.php(1): get_header()
#8 E:\OSPanel-5.4.3\OSPanel\domains\web-design-sun\wp-includes\template-loader.php(106): include('E:\\OSPanel-5.4....')
#9 E:\OSPanel-5.4.3\OSPanel\domains\web-design-sun\wp-blog-header.php(19): require_once('E:\\OSPanel-5.4....')
#10 E:\OSPanel-5.4.3\OSPanel\domains\web-design-sun\index.php(17): require('E:\\OSPanel-5.4....')
#11 {main}
  thrown in E:\OSPanel-5.4.3\OSPanel\domains\web-design-sun\wp-content\themes\web-design-sun\includes\menus.php on line 10

2024-01-06T16:56:09+00:00 CRITICAL Uncaught ArgumentCountError: Too few arguments to function add_acf_to_menu_items(), 2 passed in E:\OSPanel-5.4.3\OSPanel\domains\web-design-sun\wp-includes\class-wp-hook.php on line 324 and exactly 3 expected in E:\OSPanel-5.4.3\OSPanel\domains\web-design-sun\wp-content\themes\web-design-sun\includes\menus.php:10
Stack trace:
#0 E:\OSPanel-5.4.3\OSPanel\domains\web-design-sun\wp-includes\class-wp-hook.php(324): add_acf_to_menu_items()
#1 E:\OSPanel-5.4.3\OSPanel\domains\web-design-sun\wp-includes\plugin.php(205): WP_Hook->apply_filters()
#2 E:\OSPanel-5.4.3\OSPanel\domains\web-design-sun\wp-includes\nav-menu-template.php(234): apply_filters()
#3 E:\OSPanel-5.4.3\OSPanel\domains\web-design-sun\wp-content\themes\web-design-sun\header.php(32): wp_nav_menu()
#4 E:\OSPanel-5.4.3\OSPanel\domains\web-design-sun\wp-includes\template.php(790): require_once('E:\\OSPanel-5.4....')
#5 E:\OSPanel-5.4.3\OSPanel\domains\web-design-sun\wp-includes\template.php(725): load_template()
#6 E:\OSPanel-5.4.3\OSPanel\domains\web-design-sun\wp-includes\general-template.php(48): locate_template()
#7 E:\OSPanel-5.4.3\OSPanel\domains\web-design-sun\wp-content\themes\web-design-sun\front-page.php(1): get_header()
#8 E:\OSPanel-5.4.3\OSPanel\domains\web-design-sun\wp-includes\template-loader.php(106): include('E:\\OSPanel-5.4....')
#9 E:\OSPanel-5.4.3\OSPanel\domains\web-design-sun\wp-blog-header.php(19): require_once('E:\\OSPanel-5.4....')
#10 E:\OSPanel-5.4.3\OSPanel\domains\web-design-sun\index.php(17): require('E:\\OSPanel-5.4....')
#11 {main}
  thrown in E:\OSPanel-5.4.3\OSPanel\domains\web-design-sun\wp-content\themes\web-design-sun\includes\menus.php on line 10

2024-01-06T16:56:12+00:00 CRITICAL Uncaught ArgumentCountError: Too few arguments to function add_acf_to_menu_items(), 2 passed in E:\OSPanel-5.4.3\OSPanel\domains\web-design-sun\wp-includes\class-wp-hook.php on line 324 and exactly 3 expected in E:\OSPanel-5.4.3\OSPanel\domains\web-design-sun\wp-content\themes\web-design-sun\includes\menus.php:10
Stack trace:
#0 E:\OSPanel-5.4.3\OSPanel\domains\web-design-sun\wp-includes\class-wp-hook.php(324): add_acf_to_menu_items()
#1 E:\OSPanel-5.4.3\OSPanel\domains\web-design-sun\wp-includes\plugin.php(205): WP_Hook->apply_filters()
#2 E:\OSPanel-5.4.3\OSPanel\domains\web-design-sun\wp-includes\nav-menu-template.php(234): apply_filters()
#3 E:\OSPanel-5.4.3\OSPanel\domains\web-design-sun\wp-content\themes\web-design-sun\header.php(32): wp_nav_menu()
#4 E:\OSPanel-5.4.3\OSPanel\domains\web-design-sun\wp-includes\template.php(790): require_once('E:\\OSPanel-5.4....')
#5 E:\OSPanel-5.4.3\OSPanel\domains\web-design-sun\wp-includes\template.php(725): load_template()
#6 E:\OSPanel-5.4.3\OSPanel\domains\web-design-sun\wp-includes\general-template.php(48): locate_template()
#7 E:\OSPanel-5.4.3\OSPanel\domains\web-design-sun\wp-content\themes\web-design-sun\front-page.php(1): get_header()
#8 E:\OSPanel-5.4.3\OSPanel\domains\web-design-sun\wp-includes\template-loader.php(106): include('E:\\OSPanel-5.4....')
#9 E:\OSPanel-5.4.3\OSPanel\domains\web-design-sun\wp-blog-header.php(19): require_once('E:\\OSPanel-5.4....')
#10 E:\OSPanel-5.4.3\OSPanel\domains\web-design-sun\index.php(17): require('E:\\OSPanel-5.4....')
#11 {main}
  thrown in E:\OSPanel-5.4.3\OSPanel\domains\web-design-sun\wp-content\themes\web-design-sun\includes\menus.php on line 10

2024-01-06T17:00:47+00:00 CRITICAL Uncaught ArgumentCountError: Too few arguments to function add_acf_to_menu_items(), 2 passed in E:\OSPanel-5.4.3\OSPanel\domains\web-design-sun\wp-includes\class-wp-hook.php on line 324 and exactly 3 expected in E:\OSPanel-5.4.3\OSPanel\domains\web-design-sun\wp-content\themes\web-design-sun\includes\menus.php:10
Stack trace:
#0 E:\OSPanel-5.4.3\OSPanel\domains\web-design-sun\wp-includes\class-wp-hook.php(324): add_acf_to_menu_items()
#1 E:\OSPanel-5.4.3\OSPanel\domains\web-design-sun\wp-includes\plugin.php(205): WP_Hook->apply_filters()
#2 E:\OSPanel-5.4.3\OSPanel\domains\web-design-sun\wp-includes\nav-menu-template.php(234): apply_filters()
#3 E:\OSPanel-5.4.3\OSPanel\domains\web-design-sun\wp-content\themes\web-design-sun\header.php(32): wp_nav_menu()
#4 E:\OSPanel-5.4.3\OSPanel\domains\web-design-sun\wp-includes\template.php(790): require_once('E:\\OSPanel-5.4....')
#5 E:\OSPanel-5.4.3\OSPanel\domains\web-design-sun\wp-includes\template.php(725): load_template()
#6 E:\OSPanel-5.4.3\OSPanel\domains\web-design-sun\wp-includes\general-template.php(48): locate_template()
#7 E:\OSPanel-5.4.3\OSPanel\domains\web-design-sun\wp-content\themes\web-design-sun\front-page.php(1): get_header()
#8 E:\OSPanel-5.4.3\OSPanel\domains\web-design-sun\wp-includes\template-loader.php(106): include('E:\\OSPanel-5.4....')
#9 E:\OSPanel-5.4.3\OSPanel\domains\web-design-sun\wp-blog-header.php(19): require_once('E:\\OSPanel-5.4....')
#10 E:\OSPanel-5.4.3\OSPanel\domains\web-design-sun\index.php(17): require('E:\\OSPanel-5.4....')
#11 {main}
  thrown in E:\OSPanel-5.4.3\OSPanel\domains\web-design-sun\wp-content\themes\web-design-sun\includes\menus.php on line 10

2024-01-06T17:13:23+00:00 CRITICAL Uncaught TypeError: call_user_func_array(): Argument #1 ($callback) must be a valid callback, function "add_acf_to_menu_items" not found or invalid function name in E:\OSPanel-5.4.3\OSPanel\domains\web-design-sun\wp-includes\class-wp-hook.php:326
Stack trace:
#0 E:\OSPanel-5.4.3\OSPanel\domains\web-design-sun\wp-includes\plugin.php(205): WP_Hook->apply_filters()
#1 E:\OSPanel-5.4.3\OSPanel\domains\web-design-sun\wp-includes\nav-menu-template.php(234): apply_filters()
#2 E:\OSPanel-5.4.3\OSPanel\domains\web-design-sun\wp-content\themes\web-design-sun\header.php(32): wp_nav_menu()
#3 E:\OSPanel-5.4.3\OSPanel\domains\web-design-sun\wp-includes\template.php(790): require_once('E:\\OSPanel-5.4....')
#4 E:\OSPanel-5.4.3\OSPanel\domains\web-design-sun\wp-includes\template.php(725): load_template()
#5 E:\OSPanel-5.4.3\OSPanel\domains\web-design-sun\wp-includes\general-template.php(48): locate_template()
#6 E:\OSPanel-5.4.3\OSPanel\domains\web-design-sun\wp-content\themes\web-design-sun\front-page.php(1): get_header()
#7 E:\OSPanel-5.4.3\OSPanel\domains\web-design-sun\wp-includes\template-loader.php(106): include('E:\\OSPanel-5.4....')
#8 E:\OSPanel-5.4.3\OSPanel\domains\web-design-sun\wp-blog-header.php(19): require_once('E:\\OSPanel-5.4....')
#9 E:\OSPanel-5.4.3\OSPanel\domains\web-design-sun\index.php(17): require('E:\\OSPanel-5.4....')
#10 {main}
  thrown in E:\OSPanel-5.4.3\OSPanel\domains\web-design-sun\wp-includes\class-wp-hook.php on line 326

2024-01-06T17:14:06+00:00 CRITICAL Uncaught TypeError: call_user_func_array(): Argument #1 ($callback) must be a valid callback, function "add_acf_to_menu_items" not found or invalid function name in E:\OSPanel-5.4.3\OSPanel\domains\web-design-sun\wp-includes\class-wp-hook.php:326
Stack trace:
#0 E:\OSPanel-5.4.3\OSPanel\domains\web-design-sun\wp-includes\plugin.php(205): WP_Hook->apply_filters()
#1 E:\OSPanel-5.4.3\OSPanel\domains\web-design-sun\wp-includes\nav-menu-template.php(234): apply_filters()
#2 E:\OSPanel-5.4.3\OSPanel\domains\web-design-sun\wp-content\themes\web-design-sun\header.php(32): wp_nav_menu()
#3 E:\OSPanel-5.4.3\OSPanel\domains\web-design-sun\wp-includes\template.php(790): require_once('E:\\OSPanel-5.4....')
#4 E:\OSPanel-5.4.3\OSPanel\domains\web-design-sun\wp-includes\template.php(725): load_template()
#5 E:\OSPanel-5.4.3\OSPanel\domains\web-design-sun\wp-includes\general-template.php(48): locate_template()
#6 E:\OSPanel-5.4.3\OSPanel\domains\web-design-sun\wp-content\themes\web-design-sun\front-page.php(1): get_header()
#7 E:\OSPanel-5.4.3\OSPanel\domains\web-design-sun\wp-includes\template-loader.php(106): include('E:\\OSPanel-5.4....')
#8 E:\OSPanel-5.4.3\OSPanel\domains\web-design-sun\wp-blog-header.php(19): require_once('E:\\OSPanel-5.4....')
#9 E:\OSPanel-5.4.3\OSPanel\domains\web-design-sun\index.php(17): require('E:\\OSPanel-5.4....')
#10 {main}
  thrown in E:\OSPanel-5.4.3\OSPanel\domains\web-design-sun\wp-includes\class-wp-hook.php on line 326

2024-01-06T17:14:31+00:00 CRITICAL Uncaught TypeError: call_user_func_array(): Argument #1 ($callback) must be a valid callback, function "add_acf_to_menu_items" not found or invalid function name in E:\OSPanel-5.4.3\OSPanel\domains\web-design-sun\wp-includes\class-wp-hook.php:326
Stack trace:
#0 E:\OSPanel-5.4.3\OSPanel\domains\web-design-sun\wp-includes\plugin.php(205): WP_Hook->apply_filters()
#1 E:\OSPanel-5.4.3\OSPanel\domains\web-design-sun\wp-includes\nav-menu-template.php(234): apply_filters()
#2 E:\OSPanel-5.4.3\OSPanel\domains\web-design-sun\wp-content\themes\web-design-sun\header.php(32): wp_nav_menu()
#3 E:\OSPanel-5.4.3\OSPanel\domains\web-design-sun\wp-includes\template.php(790): require_once('E:\\OSPanel-5.4....')
#4 E:\OSPanel-5.4.3\OSPanel\domains\web-design-sun\wp-includes\template.php(725): load_template()
#5 E:\OSPanel-5.4.3\OSPanel\domains\web-design-sun\wp-includes\general-template.php(48): locate_template()
#6 E:\OSPanel-5.4.3\OSPanel\domains\web-design-sun\wp-content\themes\web-design-sun\front-page.php(1): get_header()
#7 E:\OSPanel-5.4.3\OSPanel\domains\web-design-sun\wp-includes\template-loader.php(106): include('E:\\OSPanel-5.4....')
#8 E:\OSPanel-5.4.3\OSPanel\domains\web-design-sun\wp-blog-header.php(19): require_once('E:\\OSPanel-5.4....')
#9 E:\OSPanel-5.4.3\OSPanel\domains\web-design-sun\index.php(17): require('E:\\OSPanel-5.4....')
#10 {main}
  thrown in E:\OSPanel-5.4.3\OSPanel\domains\web-design-sun\wp-includes\class-wp-hook.php on line 326

2024-01-06T17:26:53+00:00 CRITICAL Uncaught Error: [] operator not supported for strings in E:\OSPanel-5.4.3\OSPanel\domains\web-design-sun\wp-content\themes\web-design-sun\includes\menus.php:19
Stack trace:
#0 E:\OSPanel-5.4.3\OSPanel\domains\web-design-sun\wp-includes\class-wp-hook.php(326): add_inscription_to_menu_item()
#1 E:\OSPanel-5.4.3\OSPanel\domains\web-design-sun\wp-includes\plugin.php(205): WP_Hook->apply_filters()
#2 E:\OSPanel-5.4.3\OSPanel\domains\web-design-sun\wp-includes\nav-menu-template.php(234): apply_filters()
#3 E:\OSPanel-5.4.3\OSPanel\domains\web-design-sun\wp-content\themes\web-design-sun\header.php(32): wp_nav_menu()
#4 E:\OSPanel-5.4.3\OSPanel\domains\web-design-sun\wp-includes\template.php(790): require_once('E:\\OSPanel-5.4....')
#5 E:\OSPanel-5.4.3\OSPanel\domains\web-design-sun\wp-includes\template.php(725): load_template()
#6 E:\OSPanel-5.4.3\OSPanel\domains\web-design-sun\wp-includes\general-template.php(48): locate_template()
#7 E:\OSPanel-5.4.3\OSPanel\domains\web-design-sun\wp-content\themes\web-design-sun\front-page.php(1): get_header()
#8 E:\OSPanel-5.4.3\OSPanel\domains\web-design-sun\wp-includes\template-loader.php(106): include('E:\\OSPanel-5.4....')
#9 E:\OSPanel-5.4.3\OSPanel\domains\web-design-sun\wp-blog-header.php(19): require_once('E:\\OSPanel-5.4....')
#10 E:\OSPanel-5.4.3\OSPanel\domains\web-design-sun\index.php(17): require('E:\\OSPanel-5.4....')
#11 {main}
  thrown in E:\OSPanel-5.4.3\OSPanel\domains\web-design-sun\wp-content\themes\web-design-sun\includes\menus.php on line 19

2024-01-06T17:33:05+00:00 CRITICAL Uncaught Error: [] operator not supported for strings in E:\OSPanel-5.4.3\OSPanel\domains\web-design-sun\wp-content\themes\web-design-sun\includes\menus.php:19
Stack trace:
#0 E:\OSPanel-5.4.3\OSPanel\domains\web-design-sun\wp-includes\class-wp-hook.php(326): add_inscription_to_menu_item()
#1 E:\OSPanel-5.4.3\OSPanel\domains\web-design-sun\wp-includes\plugin.php(205): WP_Hook->apply_filters()
#2 E:\OSPanel-5.4.3\OSPanel\domains\web-design-sun\wp-includes\nav-menu-template.php(234): apply_filters()
#3 E:\OSPanel-5.4.3\OSPanel\domains\web-design-sun\wp-content\themes\web-design-sun\header.php(32): wp_nav_menu()
#4 E:\OSPanel-5.4.3\OSPanel\domains\web-design-sun\wp-includes\template.php(790): require_once('E:\\OSPanel-5.4....')
#5 E:\OSPanel-5.4.3\OSPanel\domains\web-design-sun\wp-includes\template.php(725): load_template()
#6 E:\OSPanel-5.4.3\OSPanel\domains\web-design-sun\wp-includes\general-template.php(48): locate_template()
#7 E:\OSPanel-5.4.3\OSPanel\domains\web-design-sun\wp-content\themes\web-design-sun\front-page.php(1): get_header()
#8 E:\OSPanel-5.4.3\OSPanel\domains\web-design-sun\wp-includes\template-loader.php(106): include('E:\\OSPanel-5.4....')
#9 E:\OSPanel-5.4.3\OSPanel\domains\web-design-sun\wp-blog-header.php(19): require_once('E:\\OSPanel-5.4....')
#10 E:\OSPanel-5.4.3\OSPanel\domains\web-design-sun\index.php(17): require('E:\\OSPanel-5.4....')
#11 {main}
  thrown in E:\OSPanel-5.4.3\OSPanel\domains\web-design-sun\wp-content\themes\web-design-sun\includes\menus.php on line 19

2024-01-06T21:22:58+00:00 CRITICAL Uncaught Error: Failed opening required 'E:\OSPanel-5.4.3\OSPanel\domains\web-design-sun/wp-content/themes/web-design-sun/inc/custom-header.php' (include_path='.') in E:\OSPanel-5.4.3\OSPanel\domains\web-design-sun\wp-content\themes\web-design-sun\functions.php:155
Stack trace:
#0 E:\OSPanel-5.4.3\OSPanel\domains\web-design-sun\wp-settings.php(611): include()
#1 E:\OSPanel-5.4.3\OSPanel\domains\web-design-sun\wp-config.php(100): require_once('E:\\OSPanel-5.4....')
#2 E:\OSPanel-5.4.3\OSPanel\domains\web-design-sun\wp-load.php(50): require_once('E:\\OSPanel-5.4....')
#3 E:\OSPanel-5.4.3\OSPanel\domains\web-design-sun\wp-blog-header.php(13): require_once('E:\\OSPanel-5.4....')
#4 E:\OSPanel-5.4.3\OSPanel\domains\web-design-sun\index.php(17): require('E:\\OSPanel-5.4....')
#5 {main}
  thrown in E:\OSPanel-5.4.3\OSPanel\domains\web-design-sun\wp-content\themes\web-design-sun\functions.php on line 155

2024-01-06T21:22:59+00:00 CRITICAL Uncaught Error: Failed opening required 'E:\OSPanel-5.4.3\OSPanel\domains\web-design-sun/wp-content/themes/web-design-sun/inc/custom-header.php' (include_path='.') in E:\OSPanel-5.4.3\OSPanel\domains\web-design-sun\wp-content\themes\web-design-sun\functions.php:155
Stack trace:
#0 E:\OSPanel-5.4.3\OSPanel\domains\web-design-sun\wp-settings.php(611): include()
#1 E:\OSPanel-5.4.3\OSPanel\domains\web-design-sun\wp-config.php(100): require_once('E:\\OSPanel-5.4....')
#2 E:\OSPanel-5.4.3\OSPanel\domains\web-design-sun\wp-load.php(50): require_once('E:\\OSPanel-5.4....')
#3 E:\OSPanel-5.4.3\OSPanel\domains\web-design-sun\wp-blog-header.php(13): require_once('E:\\OSPanel-5.4....')
#4 E:\OSPanel-5.4.3\OSPanel\domains\web-design-sun\index.php(17): require('E:\\OSPanel-5.4....')
#5 {main}
  thrown in E:\OSPanel-5.4.3\OSPanel\domains\web-design-sun\wp-content\themes\web-design-sun\functions.php on line 155

2024-01-06T21:23:55+00:00 CRITICAL Uncaught Error: Failed opening required 'E:\OSPanel-5.4.3\OSPanel\domains\web-design-sun/wp-content/themes/web-design-sun/inc/custom-header.php' (include_path='.') in E:\OSPanel-5.4.3\OSPanel\domains\web-design-sun\wp-content\themes\web-design-sun\functions.php:155
Stack trace:
#0 E:\OSPanel-5.4.3\OSPanel\domains\web-design-sun\wp-settings.php(611): include()
#1 E:\OSPanel-5.4.3\OSPanel\domains\web-design-sun\wp-config.php(100): require_once('E:\\OSPanel-5.4....')
#2 E:\OSPanel-5.4.3\OSPanel\domains\web-design-sun\wp-load.php(50): require_once('E:\\OSPanel-5.4....')
#3 E:\OSPanel-5.4.3\OSPanel\domains\web-design-sun\wp-admin\admin-ajax.php(22): require_once('E:\\OSPanel-5.4....')
#4 {main}
  thrown in E:\OSPanel-5.4.3\OSPanel\domains\web-design-sun\wp-content\themes\web-design-sun\functions.php on line 155

2024-01-06T21:25:57+00:00 CRITICAL Uncaught Error: Failed opening required 'E:\OSPanel-5.4.3\OSPanel\domains\web-design-sun/wp-content/themes/web-design-sun/inc/custom-header.php' (include_path='.') in E:\OSPanel-5.4.3\OSPanel\domains\web-design-sun\wp-content\themes\web-design-sun\functions.php:155
Stack trace:
#0 E:\OSPanel-5.4.3\OSPanel\domains\web-design-sun\wp-settings.php(611): include()
#1 E:\OSPanel-5.4.3\OSPanel\domains\web-design-sun\wp-config.php(100): require_once('E:\\OSPanel-5.4....')
#2 E:\OSPanel-5.4.3\OSPanel\domains\web-design-sun\wp-load.php(50): require_once('E:\\OSPanel-5.4....')
#3 E:\OSPanel-5.4.3\OSPanel\domains\web-design-sun\wp-admin\admin-ajax.php(22): require_once('E:\\OSPanel-5.4....')
#4 {main}
  thrown in E:\OSPanel-5.4.3\OSPanel\domains\web-design-sun\wp-content\themes\web-design-sun\functions.php on line 155

